
> @react-spa-router/core@1.0.0-alpha.1 build /Users/akamat/code/nodework/react-router/packages/router
> tsup

[34mCLI[39m Building entry: src/index.ts
[34mCLI[39m Using tsconfig: tsconfig.json
[34mCLI[39m tsup v8.4.0
[34mCLI[39m Using tsup config: /Users/akamat/code/nodework/react-router/packages/router/tsup.config.ts
[34mCLI[39m Target: es2020
[34mCLI[39m Cleaning output folder
[34mCJS[39m Build start
[34mESM[39m Build start
[32mESM[39m [1mdist/index.mjs     [22m[32m4.29 KB[39m
[32mESM[39m [1mdist/index.mjs.map [22m[32m10.25 KB[39m
[32mESM[39m ⚡️ Build success in 54ms
[32mCJS[39m [1mdist/index.js     [22m[32m4.48 KB[39m
[32mCJS[39m [1mdist/index.js.map [22m[32m10.34 KB[39m
[32mCJS[39m ⚡️ Build success in 54ms
DTS Build start
DTS ⚡️ Build success in 733ms
DTS dist/index.d.ts  2.20 KB
DTS dist/index.d.mts 2.20 KB
